36.2251 	EXP 	Created window1 = Window(allowGUI=True, allowStencil=False, autoLog=True, backendConf=UNKNOWN, bitsMode=UNKNOWN, blendMode='avg', bpc=(8, 8, 8), color=array([0, 0, 0]), colorSpace='rgb', depthBits=8, fullscr=<method-wrapper '__getattribute__' of attributeSetter object at 0x0000014B86A305B0>, gamma=None, gammaErrorPolicy='raise', lms=UNKNOWN, monitor=<psychopy.monitors.calibTools.Monitor object at 0x0000014B86D228B0>, multiSample=False, name='window1', numSamples=2, pos=(0, 0), screen=0, size=array([1920, 1080]), stencilBits=0, stereo=False, units='height', useFBO=True, useRetina=False, viewOri=0.0, viewPos=None, viewScale=None, waitBlanking=True, winType='pyglet')
36.2253 	EXP 	window1: mouseVisible = True
36.2255 	EXP 	window1: mouseVisible = False
36.2255 	EXP 	window1: Attempting to measure frame rate of screen (0) ...
36.2255 	EXP 	window1: recordFrameIntervals = False
36.4118 	EXP 	window1: recordFrameIntervals = True
36.4603 	WARNING 	t of last frame was 37.51ms (=1/26)
36.7419 	EXP 	Screen (0) actual frame rate measured at 60.10Hz
36.7420 	EXP 	window1: recordFrameIntervals = False
40.3944 	EXP 	Created text = TextStim(__class__=<class 'psychopy.visual.text.TextStim'>, alignHoriz=method-wrapper(...), alignText='center', alignVert=method-wrapper(...), anchorHoriz='center', anchorVert='center', antialias=True, autoDraw=False, autoLog=True, bold=False, color=array([1, 1, 1]), colorSpace='rgb', contrast=1.0, depth=0.0, flipHoriz=False, flipVert=False, font='Open Sans', fontFiles=[], height=0.1, italic=False, languageStyle='LTR', name='text', opacity=1.0, ori=0.0, pos=array([0., 0.]), rgb=UNKNOWN, text='Salam khosh amadi', units='height', win=Window(...), wrapWidth=1)
40.4138 	EXP 	Created image = ImageStim(__class__=<class 'psychopy.visual.image.ImageStim'>, anchor=('center', 'center'), autoLog=True, color=array([1, 1, 1]), colorSpace='rgb', contrast=1.0, depth=-1.0, flipHoriz=False, flipVert=False, image='sin', interpolate=True, mask=None, maskParams=None, name='image', opacity=1.0, ori=0.0, pos=array([0., 0.]), size=array([0.5, 0.5]), texRes=128.0, units='height', win=Window(...))
40.4590 	EXP 	text: autoDraw = True
43.0289 	DATA 	Mouse: Left button down, pos=(1099,617)
43.1286 	DATA 	Mouse:  Left button up, pos=(1103,618)
43.4327 	EXP 	Created sequence: random, trialTypes=1, nReps=300, seed=None
43.4337 	EXP 	New trial (rep=0, index=0): None
43.4434 	DATA 	Keypress: space
43.4601 	EXP 	text: autoDraw = False
43.4601 	EXP 	image: image = 'target.png'
44.8439 	EXP 	image: autoDraw = True
45.1614 	EXP 	New trial (rep=1, index=0): None
45.1931 	EXP 	image: autoDraw = False
45.1931 	EXP 	image: autoDraw = False
45.1931 	EXP 	image: image = 'nontarget4.png'
46.9267 	EXP 	image: autoDraw = True
47.2457 	EXP 	New trial (rep=2, index=0): None
47.2773 	EXP 	image: autoDraw = False
47.2773 	EXP 	image: autoDraw = False
47.2773 	EXP 	image: image = 'nontarget1.png'
48.4042 	EXP 	image: autoDraw = True
48.6961 	EXP 	New trial (rep=3, index=0): None
48.7267 	EXP 	image: autoDraw = False
48.7267 	EXP 	image: autoDraw = False
48.7267 	EXP 	image: image = 'target.png'
48.8289 	DATA 	Keypress: escape
49.9449 	EXP 	window1: mouseVisible = True
